<?xml version="1.0" encoding="UTF-8"?>
<testng-results skipped="0" failed="0" total="1" passed="1">
  <reporter-output>
  </reporter-output>
  <suite name="Suite" duration-ms="15234" started-at="2019-03-25T07:34:00Z" finished-at="2019-03-25T07:34:15Z">
    <groups>
    </groups>
    <test name="Test" duration-ms="15234" started-at="2019-03-25T07:34:00Z" finished-at="2019-03-25T07:34:15Z">
      <class name="test.TestFramework">
        <test-method status="PASS" signature="openapp()[pri:0, instance:test.TestFramework@735b5592]" name="openapp" is-config="true" duration-ms="6796" started-at="2019-03-25T13:04:00Z" finished-at="2019-03-25T13:04:06Z">
          <reporter-output>
          </reporter-output>
        </test-method> <!-- openapp -->
        <test-method status="PASS" signature="Submit()[pri:0, instance:test.TestFramework@735b5592]" name="Submit" duration-ms="3883" started-at="2019-03-25T13:04:06Z" finished-at="2019-03-25T13:04:10Z">
          <reporter-output>
          </reporter-output>
        </test-method> <!-- Submit -->
        <test-method status="PASS" signature="closeapp()[pri:0, instance:test.TestFramework@735b5592]" name="closeapp" is-config="true" duration-ms="4522" started-at="2019-03-25T13:04:10Z" finished-at="2019-03-25T13:04:15Z">
          <reporter-output>
          </reporter-output>
        </test-method> <!-- closeapp -->
      </class> <!-- test.TestFramework -->
    </test> <!-- Test -->
  </suite> <!-- Suite -->
</testng-results>
